D:\MY DOCUMENTS\DOCUMENTS\VISUAL STUDIO 2010\PROJECTS\PIPT\DEBUG\PIPT.EXE
D:\MY DOCUMENTS\DOCUMENTS\VISUAL STUDIO 2010\PROJECTS\PIPT\DEBUG\PIPT.EXE.MANIFEST
D:\MY DOCUMENTS\DOCUMENTS\VISUAL STUDIO 2010\PROJECTS\PIPT\DEBUG\PIPT.ILK
D:\MY DOCUMENTS\DOCUMENTS\VISUAL STUDIO 2010\PROJECTS\PIPT\DEBUG\PIPT.PDB
d:\my documents\documents\visual studio 2010\Projects\pipt\pipt\Debug\cl.command.1.tlog
d:\my documents\documents\visual studio 2010\Projects\pipt\pipt\Debug\CL.read.1.tlog
d:\my documents\documents\visual studio 2010\Projects\pipt\pipt\Debug\CL.write.1.tlog
d:\my documents\documents\visual studio 2010\Projects\pipt\pipt\Debug\link.3052.read.1.tlog
d:\my documents\documents\visual studio 2010\Projects\pipt\pipt\Debug\link.3052.write.1.tlog
d:\my documents\documents\visual studio 2010\Projects\pipt\pipt\Debug\link.4940.read.1.tlog
d:\my documents\documents\visual studio 2010\Projects\pipt\pipt\Debug\link.4940.write.1.tlog
d:\my documents\documents\visual studio 2010\Projects\pipt\pipt\Debug\link.6028.read.1.tlog
d:\my documents\documents\visual studio 2010\Projects\pipt\pipt\Debug\link.6028.write.1.tlog
d:\my documents\documents\visual studio 2010\Projects\pipt\pipt\Debug\link.6476.read.1.tlog
d:\my documents\documents\visual studio 2010\Projects\pipt\pipt\Debug\link.6476.write.1.tlog
d:\my documents\documents\visual studio 2010\Projects\pipt\pipt\Debug\link.6644.read.1.tlog
d:\my documents\documents\visual studio 2010\Projects\pipt\pipt\Debug\link.6644.write.1.tlog
d:\my documents\documents\visual studio 2010\Projects\pipt\pipt\Debug\link.6748.read.1.tlog
d:\my documents\documents\visual studio 2010\Projects\pipt\pipt\Debug\link.6748.write.1.tlog
d:\my documents\documents\visual studio 2010\Projects\pipt\pipt\Debug\link.7340.read.1.tlog
d:\my documents\documents\visual studio 2010\Projects\pipt\pipt\Debug\link.7340.write.1.tlog
d:\my documents\documents\visual studio 2010\Projects\pipt\pipt\Debug\link.command.1.tlog
d:\my documents\documents\visual studio 2010\Projects\pipt\pipt\Debug\link.read.1.tlog
d:\my documents\documents\visual studio 2010\Projects\pipt\pipt\Debug\link.write.1.tlog
D:\MY DOCUMENTS\DOCUMENTS\VISUAL STUDIO 2010\PROJECTS\PIPT\PIPT\DEBUG\M_ROOM.OBJ
D:\MY DOCUMENTS\DOCUMENTS\VISUAL STUDIO 2010\PROJECTS\PIPT\PIPT\DEBUG\MAIN.OBJ
d:\my documents\documents\visual studio 2010\Projects\pipt\pipt\Debug\mt.command.1.tlog
d:\my documents\documents\visual studio 2010\Projects\pipt\pipt\Debug\mt.read.1.tlog
d:\my documents\documents\visual studio 2010\Projects\pipt\pipt\Debug\mt.write.1.tlog
d:\my documents\documents\visual studio 2010\Projects\pipt\pipt\Debug\pipt.exe.embed.manifest
D:\MY DOCUMENTS\DOCUMENTS\VISUAL STUDIO 2010\PROJECTS\PIPT\PIPT\DEBUG\PIPT.EXE.EMBED.MANIFEST.RES
D:\MY DOCUMENTS\DOCUMENTS\VISUAL STUDIO 2010\PROJECTS\PIPT\PIPT\DEBUG\PIPT.EXE.INTERMEDIATE.MANIFEST
d:\my documents\documents\visual studio 2010\Projects\pipt\pipt\Debug\pipt.vcxprojResolveAssemblyReference.cache
d:\my documents\documents\visual studio 2010\Projects\pipt\pipt\Debug\pipt.write.1.tlog
d:\my documents\documents\visual studio 2010\Projects\pipt\pipt\Debug\pipt_manifest.rc
d:\my documents\documents\visual studio 2010\Projects\pipt\pipt\Debug\rc.command.1.tlog
d:\my documents\documents\visual studio 2010\Projects\pipt\pipt\Debug\rc.read.1.tlog
d:\my documents\documents\visual studio 2010\Projects\pipt\pipt\Debug\rc.write.1.tlog
D:\MY DOCUMENTS\DOCUMENTS\VISUAL STUDIO 2010\PROJECTS\PIPT\PIPT\DEBUG\ROOM.OBJ
D:\MY DOCUMENTS\DOCUMENTS\VISUAL STUDIO 2010\PROJECTS\PIPT\PIPT\DEBUG\TEST.OBJ
d:\my documents\documents\visual studio 2010\Projects\pipt\pipt\Debug\vc100.idb
D:\MY DOCUMENTS\DOCUMENTS\VISUAL STUDIO 2010\PROJECTS\PIPT\PIPT\DEBUG\VC100.PDB
